[478bahis.com/index0f14.html]
[backblue.gif]
[fade.gif]
[index.html]
[478bahis.com/apple-touch-icon.png]
[478bahis.com/index.html]
[478bahis.com/favicon-32x32.png]
[478bahis.com/favicon-16x16.png]
[478bahis.com/safari-pinned-tab.svg]
[www.478bahis.com/assets/bahis512-sq.5.delayed]
[478bahis.com/version.bhd41d.js]
[478bahis.com/sw.js]
[cdn.jsdelivr.net/npm/@fancyapps/ui/dist/fancybox.css]
[478bahis.com/index0f14.html]
[478bahis.com/index.html]
[478bahis.com/site.html]
[478bahis.com/safari-pinned-tab.svg]
[www.478bahis.com/assets/bahis512-sq.html]
[cdn.jsdelivr.net/npm/@fancyapps/ui/dist/fancybox.css]
[cdn.jsdelivr.net/npm/@fancyapps/ui@4.0/dist/fancybox.umd.js]
